Using pre-set license
Built from '2020.3/release' branch; Version is '2020.3.31f1 (6b54b7616050) revision 7034039'; Using compiler version '192528614'; Build Type 'Release'
OS: 'Windows 10  (10.0.19044) 64bit Core' Language: 'en' Physical Memory: 16259 MB
BatchMode: 1, IsHumanControllingUs: 0, StartBugReporterOnCrash: 0, Is64bit: 1, IsPro: 0

COMMAND LINE ARGUMENTS:
D:\Unity\Hub\Editor\2020.3.31f1\Editor\Unity.exe
-adb2
-batchMode
-noUpm
-name
AssetImportWorker0
-projectPath
D:/Users/Admin/Documents/GitHub/HorrorJam2022-Stalker/Horror Jam
-logFile
Logs/AssetImportWorker0.log
-srvPort
59827
Successfully changed project path to: D:/Users/Admin/Documents/GitHub/HorrorJam2022-Stalker/Horror Jam
D:/Users/Admin/Documents/GitHub/HorrorJam2022-Stalker/Horror Jam
Using Asset Import Pipeline V2.
Refreshing native plugins compatible for Editor in 111.16 ms, found 3 plugins.
Preloading 0 native plugins for Editor in 0.00 ms.
Initialize engine version: 2020.3.31f1 (6b54b7616050)
[Subsystems] Discovering subsystems at path D:/Unity/Hub/Editor/2020.3.31f1/Editor/Data/Resources/UnitySubsystems
[Subsystems] Discovering subsystems at path D:/Users/Admin/Documents/GitHub/HorrorJam2022-Stalker/Horror Jam/Assets
GfxDevice: creating device client; threaded=0
Direct3D:
    Version:  Direct3D 11.0 [level 11.1]
    Renderer: NVIDIA GeForce RTX 2060 (ID=0x1e89)
    Vendor:   
    VRAM:     5968 MB
    Driver:   30.0.15.1295
Initialize mono
Mono path[0] = 'D:/Unity/Hub/Editor/2020.3.31f1/Editor/Data/Managed'
Mono path[1] = 'D:/Unity/Hub/Editor/2020.3.31f1/Editor/Data/MonoBleedingEdge/lib/mono/unityjit'
Mono config path = 'D:/Unity/Hub/Editor/2020.3.31f1/Editor/Data/MonoBleedingEdge/etc'
Using monoOptions --debugger-agent=transport=dt_socket,embedding=1,server=y,suspend=n,address=127.0.0.1:56984
Begin MonoManager ReloadAssembly
Registering precompiled unity dll's ...
Register platform support module: D:/Unity/Hub/Editor/2020.3.31f1/Editor/Data/PlaybackEngines/WindowsStandaloneSupport/UnityEditor.WindowsStandalone.Extensions.dll
Registered in 0.131577 seconds.
Native extension for WindowsStandalone target not found
Refreshing native plugins compatible for Editor in 36.54 ms, found 3 plugins.
Preloading 0 native plugins for Editor in 0.00 ms.
Mono: successfully reloaded assembly
- Completed reload, in  2.938 seconds
Domain Reload Profiling:
	ReloadAssembly (2938ms)
		BeginReloadAssembly (2071ms)
			ExecutionOrderSort (0ms)
			DisableScriptedObjects (0ms)
			BackupInstance (0ms)
			ReleaseScriptingObjects (0ms)
			CreateAndSetChildDomain (1ms)
		EndReloadAssembly (589ms)
			LoadAssemblies (2071ms)
			RebuildTransferFunctionScriptingTraits (0ms)
			SetupTypeCache (352ms)
			ReleaseScriptCaches (0ms)
			RebuildScriptCaches (23ms)
			SetupLoadedEditorAssemblies (140ms)
				LogAssemblyErrors (0ms)
				InitializePlatformSupportModulesInManaged (3ms)
				SetLoadedEditorAssemblies (0ms)
				RefreshPlugins (37ms)
				BeforeProcessingInitializeOnLoad (12ms)
				ProcessInitializeOnLoadAttributes (63ms)
				ProcessInitializeOnLoadMethodAttributes (25ms)
				AfterProcessingInitializeOnLoad (0ms)
				EditorAssembliesLoaded (0ms)
			ExecutionOrderSort2 (0ms)
			AwakeInstancesAfterBackupRestoration (0ms)
Platform modules already initialized, skipping
Registering precompiled user dll's ...
Registered in 0.352619 seconds.
Begin MonoManager ReloadAssembly
Native extension for WindowsStandalone target not found
Refreshing native plugins compatible for Editor in 37.03 ms, found 3 plugins.
Preloading 0 native plugins for Editor in 0.00 ms.
Mono: successfully reloaded assembly
- Completed reload, in  4.130 seconds
Domain Reload Profiling:
	ReloadAssembly (4134ms)
		BeginReloadAssembly (119ms)
			ExecutionOrderSort (0ms)
			DisableScriptedObjects (4ms)
			BackupInstance (0ms)
			ReleaseScriptingObjects (0ms)
			CreateAndSetChildDomain (14ms)
		EndReloadAssembly (3974ms)
			LoadAssemblies (2191ms)
			RebuildTransferFunctionScriptingTraits (0ms)
			SetupTypeCache (707ms)
			ReleaseScriptCaches (0ms)
			RebuildScriptCaches (40ms)
			SetupLoadedEditorAssemblies (961ms)
				LogAssemblyErrors (0ms)
				InitializePlatformSupportModulesInManaged (2ms)
				SetLoadedEditorAssemblies (0ms)
				RefreshPlugins (37ms)
				BeforeProcessingInitializeOnLoad (60ms)
				ProcessInitializeOnLoadAttributes (303ms)
				ProcessInitializeOnLoadMethodAttributes (556ms)
				AfterProcessingInitializeOnLoad (2ms)
				EditorAssembliesLoaded (0ms)
			ExecutionOrderSort2 (0ms)
			AwakeInstancesAfterBackupRestoration (5ms)
Platform modules already initialized, skipping
========================================================================
Worker process is ready to serve import requests
Launched and connected shader compiler UnityShaderCompiler.exe after 0.05 seconds
Refreshing native plugins compatible for Editor in 0.43 ms, found 3 plugins.
Preloading 0 native plugins for Editor in 0.00 ms.
Unloading 2371 Unused Serialized files (Serialized files now loaded: 0)
System memory in use before: 104.8 MB.
System memory in use after: 104.8 MB.

Unloading 32 unused Assets to reduce memory usage. Loaded Objects now: 2803.
Total: 2.560200 ms (FindLiveObjects: 0.162900 ms CreateObjectMapping: 0.103900 ms MarkObjects: 2.159000 ms  DeleteObjects: 0.133800 ms)

AssetImportParameters requested are different than current active one (requested -> active):
  custom:framework-win-MediaFoundation: 216162199b28c13a410421893ffa2e32 -> 
  custom:video-decoder-ogg-theora: a1e56fd34408186e4bbccfd4996cb3dc -> 
  custom:container-muxer-webm: aa71ff27fc2769a1b78a27578f13a17b -> 
  custom:container-demuxer-webm: 4f35f7cbe854078d1ac9338744f61a02 -> 
  custom:container-demuxer-ogg: 62fdf1f143b41e24485cea50d1cbac27 -> 
  custom:video-encoder-webm-vp8: eb34c28f22e8b96e1ab97ce403110664 -> 
  custom:video-decoder-webm-vp8: 9c59270c3fd7afecdb556c50c9e8de78 -> 
  custom:audio-decoder-ogg-vorbis: bf7c407c2cedff20999df2af8eb42d56 -> 
  custom:audio-encoder-webm-vorbis: bf7c407c2cedff20999df2af8eb42d56 -> 
========================================================================
Received Import Request.
  path: Assets/Sprites/Tilemap/classroomfloor.prefab
  artifactKey: Guid(ee87d6f3b381315469b7b32fcf865583) Importer(815301076,1909f56bfc062723c751e8b465ee728b)
Start importing Assets/Sprites/Tilemap/classroomfloor.prefab using Guid(ee87d6f3b381315469b7b32fcf865583) Importer(815301076,1909f56bfc062723c751e8b465ee728b)  -> (artifact id: 'd51180f09715e7c6c3b2ad402ae66b18') in 0.142940 seconds 
========================================================================
Received Import Request.
  Time since last request: 258.119690 seconds.
  path: Assets/Sprites/Tilemap/classroomfloor.prefab
  artifactKey: Guid(ee87d6f3b381315469b7b32fcf865583) Importer(815301076,1909f56bfc062723c751e8b465ee728b)
Start importing Assets/Sprites/Tilemap/classroomfloor.prefab using Guid(ee87d6f3b381315469b7b32fcf865583) Importer(815301076,1909f56bfc062723c751e8b465ee728b)  -> (artifact id: '65a714d9472966b616bdbf1323d5c54f') in 0.011404 seconds 
========================================================================
Received Import Request.
  Time since last request: 0.000101 seconds.
  path: Assets/Sprites/Tilemap/desk_01.asset
  artifactKey: Guid(9eae03311c9a8f84eab12c34bd1764bf) Importer(815301076,1909f56bfc062723c751e8b465ee728b)
Start importing Assets/Sprites/Tilemap/desk_01.asset using Guid(9eae03311c9a8f84eab12c34bd1764bf) Importer(815301076,1909f56bfc062723c751e8b465ee728b)  -> (artifact id: '30f645491012791c12734d4cb04a8021') in 0.014609 seconds 
========================================================================
Received Import Request.
  Time since last request: 61.954273 seconds.
  path: Assets/Sprites/Tilemap/Desks and items on top.prefab
  artifactKey: Guid(376e4fb08e0aa9849baed517c475114f) Importer(815301076,1909f56bfc062723c751e8b465ee728b)
Start importing Assets/Sprites/Tilemap/Desks and items on top.prefab using Guid(376e4fb08e0aa9849baed517c475114f) Importer(815301076,1909f56bfc062723c751e8b465ee728b)  -> (artifact id: '5b8ff3ebdcab95b863be2a80b0505e66') in 0.009106 seconds 
========================================================================
Received Import Request.
  Time since last request: 6.357344 seconds.
  path: Assets/Sprites/Tilemap/Desks and items on top.prefab
  artifactKey: Guid(376e4fb08e0aa9849baed517c475114f) Importer(815301076,1909f56bfc062723c751e8b465ee728b)
Start importing Assets/Sprites/Tilemap/Desks and items on top.prefab using Guid(376e4fb08e0aa9849baed517c475114f) Importer(815301076,1909f56bfc062723c751e8b465ee728b)  -> (artifact id: '3356d1e39db020e5c17b1daf2f61325f') in 0.008558 seconds 
========================================================================
Received Import Request.
  Time since last request: 86.920735 seconds.
  path: Assets/Sprites/Tilemap/Desks and items on top.prefab
  artifactKey: Guid(376e4fb08e0aa9849baed517c475114f) Importer(815301076,1909f56bfc062723c751e8b465ee728b)
Start importing Assets/Sprites/Tilemap/Desks and items on top.prefab using Guid(376e4fb08e0aa9849baed517c475114f) Importer(815301076,1909f56bfc062723c751e8b465ee728b)  -> (artifact id: '20b77b46847d2522364146f88e1f0681') in 0.010032 seconds 
========================================================================
Received Import Request.
  Time since last request: 87.569195 seconds.
  path: Assets/Sprites/Tilemap/classroomfloor.prefab
  artifactKey: Guid(ee87d6f3b381315469b7b32fcf865583) Importer(815301076,1909f56bfc062723c751e8b465ee728b)
Start importing Assets/Sprites/Tilemap/classroomfloor.prefab using Guid(ee87d6f3b381315469b7b32fcf865583) Importer(815301076,1909f56bfc062723c751e8b465ee728b)  -> (artifact id: 'f78e9dac25e557d3f5f16cfd8ab0204d') in 0.010115 seconds 
========================================================================
Received Prepare
Registering precompiled user dll's ...
Registered in 0.002197 seconds.
Begin MonoManager ReloadAssembly
Native extension for WindowsStandalone target not found
Refreshing native plugins compatible for Editor in 0.43 ms, found 3 plugins.
Preloading 0 native plugins for Editor in 0.00 ms.
Mono: successfully reloaded assembly
- Completed reload, in  0.760 seconds
Domain Reload Profiling:
	ReloadAssembly (760ms)
		BeginReloadAssembly (98ms)
			ExecutionOrderSort (0ms)
			DisableScriptedObjects (5ms)
			BackupInstance (0ms)
			ReleaseScriptingObjects (0ms)
			CreateAndSetChildDomain (27ms)
		EndReloadAssembly (620ms)
			LoadAssemblies (83ms)
			RebuildTransferFunctionScriptingTraits (0ms)
			SetupTypeCache (219ms)
			ReleaseScriptCaches (1ms)
			RebuildScriptCaches (34ms)
			SetupLoadedEditorAssemblies (226ms)
				LogAssemblyErrors (0ms)
				InitializePlatformSupportModulesInManaged (3ms)
				SetLoadedEditorAssemblies (0ms)
				RefreshPlugins (0ms)
				BeforeProcessingInitializeOnLoad (59ms)
				ProcessInitializeOnLoadAttributes (153ms)
				ProcessInitializeOnLoadMethodAttributes (9ms)
				AfterProcessingInitializeOnLoad (2ms)
				EditorAssembliesLoaded (0ms)
			ExecutionOrderSort2 (0ms)
			AwakeInstancesAfterBackupRestoration (7ms)
Platform modules already initialized, skipping
Refreshing native plugins compatible for Editor in 0.41 ms, found 3 plugins.
Preloading 0 native plugins for Editor in 0.00 ms.
Unloading 2351 Unused Serialized files (Serialized files now loaded: 0)
System memory in use before: 106.4 MB.
System memory in use after: 106.4 MB.

Unloading 21 unused Assets to reduce memory usage. Loaded Objects now: 2815.
Total: 2.376800 ms (FindLiveObjects: 0.151500 ms CreateObjectMapping: 0.093600 ms MarkObjects: 2.042200 ms  DeleteObjects: 0.089000 ms)

AssetImportParameters requested are different than current active one (requested -> active):
  custom:framework-win-MediaFoundation: 216162199b28c13a410421893ffa2e32 -> 
  custom:video-decoder-ogg-theora: a1e56fd34408186e4bbccfd4996cb3dc -> 
  custom:container-muxer-webm: aa71ff27fc2769a1b78a27578f13a17b -> 
  custom:container-demuxer-webm: 4f35f7cbe854078d1ac9338744f61a02 -> 
  custom:container-demuxer-ogg: 62fdf1f143b41e24485cea50d1cbac27 -> 
  custom:video-encoder-webm-vp8: eb34c28f22e8b96e1ab97ce403110664 -> 
  custom:video-decoder-webm-vp8: 9c59270c3fd7afecdb556c50c9e8de78 -> 
  custom:audio-decoder-ogg-vorbis: bf7c407c2cedff20999df2af8eb42d56 -> 
  custom:audio-encoder-webm-vorbis: bf7c407c2cedff20999df2af8eb42d56 -> 
========================================================================
Received Import Request.
  Time since last request: 279.334411 seconds.
  path: Assets/Sprites/Tilemap/Walls.prefab
  artifactKey: Guid(b3dc9dffcace56e469d8aa106da84190) Importer(815301076,1909f56bfc062723c751e8b465ee728b)
Start importing Assets/Sprites/Tilemap/Walls.prefab using Guid(b3dc9dffcace56e469d8aa106da84190) Importer(815301076,1909f56bfc062723c751e8b465ee728b)  -> (artifact id: '1bca6078fb7cfd4927357959447b30a4') in 0.047742 seconds 
========================================================================
Received Import Request.
  Time since last request: 19.813464 seconds.
  path: Assets/Sprites/Tilemap/door_07.asset
  artifactKey: Guid(3f2c35403b3085f4eb946219615dbd6c) Importer(815301076,1909f56bfc062723c751e8b465ee728b)
Start importing Assets/Sprites/Tilemap/door_07.asset using Guid(3f2c35403b3085f4eb946219615dbd6c) Importer(815301076,1909f56bfc062723c751e8b465ee728b)  -> (artifact id: '4286c0f7cb862c8a3866fd3b9ff47882') in 0.014319 seconds 
========================================================================
Received Import Request.
  Time since last request: 0.000095 seconds.
  path: Assets/Sprites/Tilemap/Walls.prefab
  artifactKey: Guid(b3dc9dffcace56e469d8aa106da84190) Importer(815301076,1909f56bfc062723c751e8b465ee728b)
Start importing Assets/Sprites/Tilemap/Walls.prefab using Guid(b3dc9dffcace56e469d8aa106da84190) Importer(815301076,1909f56bfc062723c751e8b465ee728b)  -> (artifact id: '00ed4daac535ffad2e5940aeccdca617') in 0.005946 seconds 
========================================================================
Received Import Request.
  Time since last request: 11.952081 seconds.
  path: Assets/Sprites/Tilemap/wall_01.asset
  artifactKey: Guid(9afc761518c47a64ca86a48f5ef6a430) Importer(815301076,1909f56bfc062723c751e8b465ee728b)
Start importing Assets/Sprites/Tilemap/wall_01.asset using Guid(9afc761518c47a64ca86a48f5ef6a430) Importer(815301076,1909f56bfc062723c751e8b465ee728b)  -> (artifact id: 'f6c969a1ad069a10a21f079bf69c42fb') in 0.009895 seconds 
========================================================================
Received Import Request.
  Time since last request: 0.000101 seconds.
  path: Assets/Sprites/Tilemap/Walls.prefab
  artifactKey: Guid(b3dc9dffcace56e469d8aa106da84190) Importer(815301076,1909f56bfc062723c751e8b465ee728b)
Start importing Assets/Sprites/Tilemap/Walls.prefab using Guid(b3dc9dffcace56e469d8aa106da84190) Importer(815301076,1909f56bfc062723c751e8b465ee728b)  -> (artifact id: '5508900eb6ef914a659c9beddf63c7e9') in 0.009959 seconds 
========================================================================
Received Import Request.
  Time since last request: 26.952345 seconds.
  path: Assets/Sprites/Tilemap/Walls.prefab
  artifactKey: Guid(b3dc9dffcace56e469d8aa106da84190) Importer(815301076,1909f56bfc062723c751e8b465ee728b)
Start importing Assets/Sprites/Tilemap/Walls.prefab using Guid(b3dc9dffcace56e469d8aa106da84190) Importer(815301076,1909f56bfc062723c751e8b465ee728b)  -> (artifact id: '15b630e1c66ed01fd9c44c12d7e6716e') in 0.011432 seconds 
========================================================================
Received Import Request.
  Time since last request: 5.962272 seconds.
  path: Assets/Sprites/Tilemap/wall_03.asset
  artifactKey: Guid(a21a564629692fe4a818e84da41023ff) Importer(815301076,1909f56bfc062723c751e8b465ee728b)
Start importing Assets/Sprites/Tilemap/wall_03.asset using Guid(a21a564629692fe4a818e84da41023ff) Importer(815301076,1909f56bfc062723c751e8b465ee728b)  -> (artifact id: 'ad656502c2fa23a607efea7963038f3f') in 0.008185 seconds 
========================================================================
Received Import Request.
  Time since last request: 0.000132 seconds.
  path: Assets/Sprites/Tilemap/Walls.prefab
  artifactKey: Guid(b3dc9dffcace56e469d8aa106da84190) Importer(815301076,1909f56bfc062723c751e8b465ee728b)
Start importing Assets/Sprites/Tilemap/Walls.prefab using Guid(b3dc9dffcace56e469d8aa106da84190) Importer(815301076,1909f56bfc062723c751e8b465ee728b)  -> (artifact id: '6bcd961462181e75604429f9c6f1f167') in 0.012855 seconds 
========================================================================
Received Import Request.
  Time since last request: 10.429767 seconds.
  path: Assets/Sprites/Tilemap/Walls.prefab
  artifactKey: Guid(b3dc9dffcace56e469d8aa106da84190) Importer(815301076,1909f56bfc062723c751e8b465ee728b)
Start importing Assets/Sprites/Tilemap/Walls.prefab using Guid(b3dc9dffcace56e469d8aa106da84190) Importer(815301076,1909f56bfc062723c751e8b465ee728b)  -> (artifact id: '54e70bdfbc451065ef45818b7569abad') in 0.012166 seconds 
========================================================================
Received Import Request.
  Time since last request: 10.357999 seconds.
  path: Assets/Sprites/Tilemap/Walls.prefab
  artifactKey: Guid(b3dc9dffcace56e469d8aa106da84190) Importer(815301076,1909f56bfc062723c751e8b465ee728b)
Start importing Assets/Sprites/Tilemap/Walls.prefab using Guid(b3dc9dffcace56e469d8aa106da84190) Importer(815301076,1909f56bfc062723c751e8b465ee728b)  -> (artifact id: '661c00ccdff5d491467d6d88aa4539a8') in 0.012831 seconds 
========================================================================
Received Import Request.
  Time since last request: 7.558637 seconds.
  path: Assets/Sprites/Tilemap/Walls.prefab
  artifactKey: Guid(b3dc9dffcace56e469d8aa106da84190) Importer(815301076,1909f56bfc062723c751e8b465ee728b)
Start importing Assets/Sprites/Tilemap/Walls.prefab using Guid(b3dc9dffcace56e469d8aa106da84190) Importer(815301076,1909f56bfc062723c751e8b465ee728b)  -> (artifact id: '1e33ef0869c69e51ee4d74c8c742e637') in 0.013739 seconds 
========================================================================
Received Import Request.
  Time since last request: 11.829872 seconds.
  path: Assets/Sprites/Tilemap/Walls.prefab
  artifactKey: Guid(b3dc9dffcace56e469d8aa106da84190) Importer(815301076,1909f56bfc062723c751e8b465ee728b)
Start importing Assets/Sprites/Tilemap/Walls.prefab using Guid(b3dc9dffcace56e469d8aa106da84190) Importer(815301076,1909f56bfc062723c751e8b465ee728b)  -> (artifact id: '96f6e12b7aa023101c44fe36f195c32f') in 0.013969 seconds 
========================================================================
Received Import Request.
  Time since last request: 7.268302 seconds.
  path: Assets/Sprites/Tilemap/Walls.prefab
  artifactKey: Guid(b3dc9dffcace56e469d8aa106da84190) Importer(815301076,1909f56bfc062723c751e8b465ee728b)
Start importing Assets/Sprites/Tilemap/Walls.prefab using Guid(b3dc9dffcace56e469d8aa106da84190) Importer(815301076,1909f56bfc062723c751e8b465ee728b)  -> (artifact id: '8943e77ffb322f28a507d4cc71eb1b37') in 0.014600 seconds 
========================================================================
Received Import Request.
  Time since last request: 174.206470 seconds.
  path: Assets/Sprites/Tilemap/door_07.png
  artifactKey: Guid(cb7157d145ccdca45945f9e7e3d68fdc) Importer(815301076,1909f56bfc062723c751e8b465ee728b)
Start importing Assets/Sprites/Tilemap/door_07.png using Guid(cb7157d145ccdca45945f9e7e3d68fdc) Importer(815301076,1909f56bfc062723c751e8b465ee728b)  -> (artifact id: '8d3948aef8e74f3ab78f89b1ec87a8bf') in 0.046594 seconds 
========================================================================
Received Import Request.
  Time since last request: 24.338093 seconds.
  path: Assets/Sprites/Tilemap/door_07.png
  artifactKey: Guid(cb7157d145ccdca45945f9e7e3d68fdc) Importer(815301076,1909f56bfc062723c751e8b465ee728b)
Start importing Assets/Sprites/Tilemap/door_07.png using Guid(cb7157d145ccdca45945f9e7e3d68fdc) Importer(815301076,1909f56bfc062723c751e8b465ee728b)  -> (artifact id: 'c7632e811c73aec3667b25fa8db8ffa5') in 0.009984 seconds 
========================================================================
Received Import Request.
  Time since last request: 20.853850 seconds.
  path: Assets/Sprites/Tilemap/Walls.prefab
  artifactKey: Guid(b3dc9dffcace56e469d8aa106da84190) Importer(815301076,1909f56bfc062723c751e8b465ee728b)
Start importing Assets/Sprites/Tilemap/Walls.prefab using Guid(b3dc9dffcace56e469d8aa106da84190) Importer(815301076,1909f56bfc062723c751e8b465ee728b)  -> (artifact id: '3af3ba2efda5dbfd5795e5185533d7ab') in 0.013924 seconds 
========================================================================
Received Import Request.
  Time since last request: 283.353957 seconds.
  path: Assets/Sprites/Tilemap/Walls.prefab
  artifactKey: Guid(b3dc9dffcace56e469d8aa106da84190) Importer(815301076,1909f56bfc062723c751e8b465ee728b)
Start importing Assets/Sprites/Tilemap/Walls.prefab using Guid(b3dc9dffcace56e469d8aa106da84190) Importer(815301076,1909f56bfc062723c751e8b465ee728b)  -> (artifact id: '71bfe9d587502fdd024aa3dae63d817e') in 0.017145 seconds 
========================================================================
Received Import Request.
  Time since last request: 48.024768 seconds.
  path: Assets/Sprites/Tilemap/Walls.prefab
  artifactKey: Guid(b3dc9dffcace56e469d8aa106da84190) Importer(815301076,1909f56bfc062723c751e8b465ee728b)
Start importing Assets/Sprites/Tilemap/Walls.prefab using Guid(b3dc9dffcace56e469d8aa106da84190) Importer(815301076,1909f56bfc062723c751e8b465ee728b)  -> (artifact id: 'ee74ca3446f8782246f62f37acaef5e8') in 0.035324 seconds 
========================================================================
Received Import Request.
  Time since last request: 18.799289 seconds.
  path: Assets/Sprites/Tilemap/Walls.prefab
  artifactKey: Guid(b3dc9dffcace56e469d8aa106da84190) Importer(815301076,1909f56bfc062723c751e8b465ee728b)
Start importing Assets/Sprites/Tilemap/Walls.prefab using Guid(b3dc9dffcace56e469d8aa106da84190) Importer(815301076,1909f56bfc062723c751e8b465ee728b)  -> (artifact id: '041f271076c07c5c5d961ae12a583e0b') in 0.016011 seconds 
========================================================================
Received Import Request.
  Time since last request: 7.500833 seconds.
  path: Assets/Sprites/Tilemap/Walls.prefab
  artifactKey: Guid(b3dc9dffcace56e469d8aa106da84190) Importer(815301076,1909f56bfc062723c751e8b465ee728b)
Start importing Assets/Sprites/Tilemap/Walls.prefab using Guid(b3dc9dffcace56e469d8aa106da84190) Importer(815301076,1909f56bfc062723c751e8b465ee728b)  -> (artifact id: '845a8f0794ed1d08356db5b98bbcbe1c') in 0.017206 seconds 
========================================================================
Received Import Request.
  Time since last request: 6.900132 seconds.
  path: Assets/Sprites/Tilemap/Walls.prefab
  artifactKey: Guid(b3dc9dffcace56e469d8aa106da84190) Importer(815301076,1909f56bfc062723c751e8b465ee728b)
Start importing Assets/Sprites/Tilemap/Walls.prefab using Guid(b3dc9dffcace56e469d8aa106da84190) Importer(815301076,1909f56bfc062723c751e8b465ee728b)  -> (artifact id: 'a369dbe2b4f0c6704a6f4e4b6dd6e620') in 0.016853 seconds 
========================================================================
Received Prepare
Registering precompiled user dll's ...
Registered in 0.002192 seconds.
Begin MonoManager ReloadAssembly
Native extension for WindowsStandalone target not found
Refreshing native plugins compatible for Editor in 0.47 ms, found 3 plugins.
Preloading 0 native plugins for Editor in 0.00 ms.
Mono: successfully reloaded assembly
- Completed reload, in  0.776 seconds
Domain Reload Profiling:
	ReloadAssembly (776ms)
		BeginReloadAssembly (98ms)
			ExecutionOrderSort (0ms)
			DisableScriptedObjects (5ms)
			BackupInstance (0ms)
			ReleaseScriptingObjects (0ms)
			CreateAndSetChildDomain (28ms)
		EndReloadAssembly (634ms)
			LoadAssemblies (87ms)
			RebuildTransferFunctionScriptingTraits (0ms)
			SetupTypeCache (221ms)
			ReleaseScriptCaches (1ms)
			RebuildScriptCaches (35ms)
			SetupLoadedEditorAssemblies (232ms)
				LogAssemblyErrors (0ms)
				InitializePlatformSupportModulesInManaged (3ms)
				SetLoadedEditorAssemblies (0ms)
				RefreshPlugins (1ms)
				BeforeProcessingInitializeOnLoad (60ms)
				ProcessInitializeOnLoadAttributes (156ms)
				ProcessInitializeOnLoadMethodAttributes (10ms)
				AfterProcessingInitializeOnLoad (2ms)
				EditorAssembliesLoaded (0ms)
			ExecutionOrderSort2 (0ms)
			AwakeInstancesAfterBackupRestoration (7ms)
Platform modules already initialized, skipping
Refreshing native plugins compatible for Editor in 0.44 ms, found 3 plugins.
Preloading 0 native plugins for Editor in 0.00 ms.
Unloading 2351 Unused Serialized files (Serialized files now loaded: 0)
System memory in use before: 106.5 MB.
System memory in use after: 106.5 MB.

Unloading 21 unused Assets to reduce memory usage. Loaded Objects now: 2824.
Total: 2.472100 ms (FindLiveObjects: 0.182500 ms CreateObjectMapping: 0.105500 ms MarkObjects: 2.081400 ms  DeleteObjects: 0.102000 ms)

AssetImportParameters requested are different than current active one (requested -> active):
  custom:framework-win-MediaFoundation: 216162199b28c13a410421893ffa2e32 -> 
  custom:video-decoder-ogg-theora: a1e56fd34408186e4bbccfd4996cb3dc -> 
  custom:container-muxer-webm: aa71ff27fc2769a1b78a27578f13a17b -> 
  custom:container-demuxer-webm: 4f35f7cbe854078d1ac9338744f61a02 -> 
  custom:container-demuxer-ogg: 62fdf1f143b41e24485cea50d1cbac27 -> 
  custom:video-encoder-webm-vp8: eb34c28f22e8b96e1ab97ce403110664 -> 
  custom:video-decoder-webm-vp8: 9c59270c3fd7afecdb556c50c9e8de78 -> 
  custom:audio-decoder-ogg-vorbis: bf7c407c2cedff20999df2af8eb42d56 -> 
  custom:audio-encoder-webm-vorbis: bf7c407c2cedff20999df2af8eb42d56 -> 
========================================================================
Received Import Request.
  Time since last request: 197.649096 seconds.
  path: Assets/Sprites/Tilemap/Walls.prefab
  artifactKey: Guid(b3dc9dffcace56e469d8aa106da84190) Importer(815301076,1909f56bfc062723c751e8b465ee728b)
Start importing Assets/Sprites/Tilemap/Walls.prefab using Guid(b3dc9dffcace56e469d8aa106da84190) Importer(815301076,1909f56bfc062723c751e8b465ee728b)  -> (artifact id: '066faaca7de41b24f57c877db24cfd98') in 0.058310 seconds 
========================================================================
Received Import Request.
  Time since last request: 4.989507 seconds.
  path: ProjectSettings/TagManager.asset
  artifactKey: Guid(00000000000000003000000000000000) Importer(815301076,1909f56bfc062723c751e8b465ee728b)
Start importing ProjectSettings/TagManager.asset using Guid(00000000000000003000000000000000) Importer(815301076,1909f56bfc062723c751e8b465ee728b)  -> (artifact id: '03c33fc4082e47050ae98831b0973227') in 0.004944 seconds 
========================================================================
Received Import Request.
  Time since last request: 186.925415 seconds.
  path: Assets/Sprites/Tilemap/Walls.prefab
  artifactKey: Guid(b3dc9dffcace56e469d8aa106da84190) Importer(815301076,1909f56bfc062723c751e8b465ee728b)
Start importing Assets/Sprites/Tilemap/Walls.prefab using Guid(b3dc9dffcace56e469d8aa106da84190) Importer(815301076,1909f56bfc062723c751e8b465ee728b)  -> (artifact id: 'ea60dbdc910dc4ca9ed6c0af0b43c484') in 0.018436 seconds 
========================================================================
Received Import Request.
  Time since last request: 37.617581 seconds.
  path: Assets/Sprites/Tilemap/Walls.prefab
  artifactKey: Guid(b3dc9dffcace56e469d8aa106da84190) Importer(815301076,1909f56bfc062723c751e8b465ee728b)
Start importing Assets/Sprites/Tilemap/Walls.prefab using Guid(b3dc9dffcace56e469d8aa106da84190) Importer(815301076,1909f56bfc062723c751e8b465ee728b)  -> (artifact id: 'eb78a8bd15bce8a69e61b44e09605ff2') in 0.018722 seconds 
========================================================================
Received Import Request.
  Time since last request: 89.167071 seconds.
  path: Assets/Sprites/Tilemap/door_07.png
  artifactKey: Guid(cb7157d145ccdca45945f9e7e3d68fdc) Importer(815301076,1909f56bfc062723c751e8b465ee728b)
Start importing Assets/Sprites/Tilemap/door_07.png using Guid(cb7157d145ccdca45945f9e7e3d68fdc) Importer(815301076,1909f56bfc062723c751e8b465ee728b)  -> (artifact id: '3bdc58fcdff546ab5db6e23768a05b97') in 0.020962 seconds 
========================================================================
Received Import Request.
  Time since last request: 26.970039 seconds.
  path: Assets/Sprites/Tilemap/door_07.png
  artifactKey: Guid(cb7157d145ccdca45945f9e7e3d68fdc) Importer(815301076,1909f56bfc062723c751e8b465ee728b)
Start importing Assets/Sprites/Tilemap/door_07.png using Guid(cb7157d145ccdca45945f9e7e3d68fdc) Importer(815301076,1909f56bfc062723c751e8b465ee728b)  -> (artifact id: '5c6f427e98ce59ab98609c7562e33738') in 0.011366 seconds 
========================================================================
Received Import Request.
  Time since last request: 23.816697 seconds.
  path: Assets/Sprites/Tilemap/door_07.png
  artifactKey: Guid(cb7157d145ccdca45945f9e7e3d68fdc) Importer(815301076,1909f56bfc062723c751e8b465ee728b)
Start importing Assets/Sprites/Tilemap/door_07.png using Guid(cb7157d145ccdca45945f9e7e3d68fdc) Importer(815301076,1909f56bfc062723c751e8b465ee728b)  -> (artifact id: '908d7df61309b6506d4b25b6b5dc0f14') in 0.010461 seconds 
========================================================================
Received Import Request.
  Time since last request: 13.160567 seconds.
  path: Assets/Sprites/Tilemap/door_07.png
  artifactKey: Guid(cb7157d145ccdca45945f9e7e3d68fdc) Importer(815301076,1909f56bfc062723c751e8b465ee728b)
Start importing Assets/Sprites/Tilemap/door_07.png using Guid(cb7157d145ccdca45945f9e7e3d68fdc) Importer(815301076,1909f56bfc062723c751e8b465ee728b)  -> (artifact id: 'd8a388ee545854006c7df57644c83d4e') in 0.011817 seconds 
========================================================================
Received Import Request.
  Time since last request: 17.138510 seconds.
  path: Assets/Sprites/Tilemap/door_07.png
  artifactKey: Guid(cb7157d145ccdca45945f9e7e3d68fdc) Importer(815301076,1909f56bfc062723c751e8b465ee728b)
Start importing Assets/Sprites/Tilemap/door_07.png using Guid(cb7157d145ccdca45945f9e7e3d68fdc) Importer(815301076,1909f56bfc062723c751e8b465ee728b)  -> (artifact id: 'bc5a18312606bd4360e04b84acfa883a') in 0.010661 seconds 
AssetImportWorkerClient::OnTransportError - code=2 error=End of file
