Using pre-set license
Built from '2020.3/release' branch; Version is '2020.3.31f1 (6b54b7616050) revision 7034039'; Using compiler version '192528614'; Build Type 'Release'
OS: 'Windows 10  (10.0.19044) 64bit Core' Language: 'en' Physical Memory: 16259 MB
BatchMode: 1, IsHumanControllingUs: 0, StartBugReporterOnCrash: 0, Is64bit: 1, IsPro: 0

COMMAND LINE ARGUMENTS:
D:\Unity\Hub\Editor\2020.3.31f1\Editor\Unity.exe
-adb2
-batchMode
-noUpm
-name
AssetImportWorker0
-projectPath
D:/Users/Admin/Documents/GitHub/HorrorJam2022-Stalker/Horror Jam
-logFile
Logs/AssetImportWorker0.log
-srvPort
57058
Successfully changed project path to: D:/Users/Admin/Documents/GitHub/HorrorJam2022-Stalker/Horror Jam
D:/Users/Admin/Documents/GitHub/HorrorJam2022-Stalker/Horror Jam
Using Asset Import Pipeline V2.
Refreshing native plugins compatible for Editor in 37.10 ms, found 3 plugins.
Preloading 0 native plugins for Editor in 0.00 ms.
Initialize engine version: 2020.3.31f1 (6b54b7616050)
[Subsystems] Discovering subsystems at path D:/Unity/Hub/Editor/2020.3.31f1/Editor/Data/Resources/UnitySubsystems
[Subsystems] Discovering subsystems at path D:/Users/Admin/Documents/GitHub/HorrorJam2022-Stalker/Horror Jam/Assets
GfxDevice: creating device client; threaded=0
Direct3D:
    Version:  Direct3D 11.0 [level 11.1]
    Renderer: NVIDIA GeForce RTX 2060 (ID=0x1e89)
    Vendor:   
    VRAM:     5968 MB
    Driver:   30.0.15.1295
Initialize mono
Mono path[0] = 'D:/Unity/Hub/Editor/2020.3.31f1/Editor/Data/Managed'
Mono path[1] = 'D:/Unity/Hub/Editor/2020.3.31f1/Editor/Data/MonoBleedingEdge/lib/mono/unityjit'
Mono config path = 'D:/Unity/Hub/Editor/2020.3.31f1/Editor/Data/MonoBleedingEdge/etc'
Using monoOptions --debugger-agent=transport=dt_socket,embedding=1,server=y,suspend=n,address=127.0.0.1:56688
Begin MonoManager ReloadAssembly
Registering precompiled unity dll's ...
Register platform support module: D:/Unity/Hub/Editor/2020.3.31f1/Editor/Data/PlaybackEngines/WindowsStandaloneSupport/UnityEditor.WindowsStandalone.Extensions.dll
Registered in 0.000916 seconds.
Native extension for WindowsStandalone target not found
Refreshing native plugins compatible for Editor in 36.94 ms, found 3 plugins.
Preloading 0 native plugins for Editor in 0.00 ms.
Mono: successfully reloaded assembly
- Completed reload, in  0.447 seconds
Domain Reload Profiling:
	ReloadAssembly (447ms)
		BeginReloadAssembly (55ms)
			ExecutionOrderSort (0ms)
			DisableScriptedObjects (0ms)
			BackupInstance (0ms)
			ReleaseScriptingObjects (0ms)
			CreateAndSetChildDomain (1ms)
		EndReloadAssembly (342ms)
			LoadAssemblies (55ms)
			RebuildTransferFunctionScriptingTraits (0ms)
			SetupTypeCache (113ms)
			ReleaseScriptCaches (0ms)
			RebuildScriptCaches (22ms)
			SetupLoadedEditorAssemblies (137ms)
				LogAssemblyErrors (0ms)
				InitializePlatformSupportModulesInManaged (3ms)
				SetLoadedEditorAssemblies (0ms)
				RefreshPlugins (37ms)
				BeforeProcessingInitializeOnLoad (12ms)
				ProcessInitializeOnLoadAttributes (63ms)
				ProcessInitializeOnLoadMethodAttributes (21ms)
				AfterProcessingInitializeOnLoad (0ms)
				EditorAssembliesLoaded (0ms)
			ExecutionOrderSort2 (0ms)
			AwakeInstancesAfterBackupRestoration (0ms)
Platform modules already initialized, skipping
Registering precompiled user dll's ...
Registered in 0.002226 seconds.
Begin MonoManager ReloadAssembly
Native extension for WindowsStandalone target not found
Refreshing native plugins compatible for Editor in 36.25 ms, found 3 plugins.
Preloading 0 native plugins for Editor in 0.00 ms.
Mono: successfully reloaded assembly
- Completed reload, in  0.849 seconds
Domain Reload Profiling:
	ReloadAssembly (850ms)
		BeginReloadAssembly (122ms)
			ExecutionOrderSort (0ms)
			DisableScriptedObjects (4ms)
			BackupInstance (0ms)
			ReleaseScriptingObjects (0ms)
			CreateAndSetChildDomain (14ms)
		EndReloadAssembly (687ms)
			LoadAssemblies (85ms)
			RebuildTransferFunctionScriptingTraits (0ms)
			SetupTypeCache (225ms)
			ReleaseScriptCaches (0ms)
			RebuildScriptCaches (40ms)
			SetupLoadedEditorAssemblies (267ms)
				LogAssemblyErrors (0ms)
				InitializePlatformSupportModulesInManaged (3ms)
				SetLoadedEditorAssemblies (0ms)
				RefreshPlugins (36ms)
				BeforeProcessingInitializeOnLoad (59ms)
				ProcessInitializeOnLoadAttributes (154ms)
				ProcessInitializeOnLoadMethodAttributes (13ms)
				AfterProcessingInitializeOnLoad (2ms)
				EditorAssembliesLoaded (0ms)
			ExecutionOrderSort2 (0ms)
			AwakeInstancesAfterBackupRestoration (5ms)
Platform modules already initialized, skipping
========================================================================
Worker process is ready to serve import requests
Launched and connected shader compiler UnityShaderCompiler.exe after 0.03 seconds
Refreshing native plugins compatible for Editor in 0.44 ms, found 3 plugins.
Preloading 0 native plugins for Editor in 0.00 ms.
Unloading 2371 Unused Serialized files (Serialized files now loaded: 0)
System memory in use before: 104.8 MB.
System memory in use after: 104.8 MB.

Unloading 32 unused Assets to reduce memory usage. Loaded Objects now: 2803.
Total: 2.447700 ms (FindLiveObjects: 0.162200 ms CreateObjectMapping: 0.101000 ms MarkObjects: 2.073700 ms  DeleteObjects: 0.110000 ms)

AssetImportParameters requested are different than current active one (requested -> active):
  custom:framework-win-MediaFoundation: 216162199b28c13a410421893ffa2e32 -> 
  custom:video-decoder-ogg-theora: a1e56fd34408186e4bbccfd4996cb3dc -> 
  custom:container-muxer-webm: aa71ff27fc2769a1b78a27578f13a17b -> 
  custom:container-demuxer-webm: 4f35f7cbe854078d1ac9338744f61a02 -> 
  custom:container-demuxer-ogg: 62fdf1f143b41e24485cea50d1cbac27 -> 
  custom:video-encoder-webm-vp8: eb34c28f22e8b96e1ab97ce403110664 -> 
  custom:video-decoder-webm-vp8: 9c59270c3fd7afecdb556c50c9e8de78 -> 
  custom:audio-decoder-ogg-vorbis: bf7c407c2cedff20999df2af8eb42d56 -> 
  custom:audio-encoder-webm-vorbis: bf7c407c2cedff20999df2af8eb42d56 -> 
========================================================================
Received Import Request.
  path: Assets/Sprites/Tilemap/classroomfloor.prefab
  artifactKey: Guid(ee87d6f3b381315469b7b32fcf865583) Importer(815301076,1909f56bfc062723c751e8b465ee728b)
Start importing Assets/Sprites/Tilemap/classroomfloor.prefab using Guid(ee87d6f3b381315469b7b32fcf865583) Importer(815301076,1909f56bfc062723c751e8b465ee728b)  -> (artifact id: '4d9a84bad7006f6d29d0d30467c4ebf0') in 0.458014 seconds 
========================================================================
Received Import Request.
  Time since last request: 15.155268 seconds.
  path: Assets/Sprites/Ghost/ghost_01.png
  artifactKey: Guid(325a76ef40e279f4b9c4544d0b98e8bd) Importer(815301076,1909f56bfc062723c751e8b465ee728b)
Start importing Assets/Sprites/Ghost/ghost_01.png using Guid(325a76ef40e279f4b9c4544d0b98e8bd) Importer(815301076,1909f56bfc062723c751e8b465ee728b)  -> (artifact id: 'b3de5fc49d12d69f22394bb4b3cf9527') in 0.042207 seconds 
========================================================================
Received Import Request.
  Time since last request: 0.000160 seconds.
  path: Assets/Sprites/Ghost/ghost_04.png
  artifactKey: Guid(fb626ab5c18b25a4680d0eae64933a68) Importer(815301076,1909f56bfc062723c751e8b465ee728b)
Start importing Assets/Sprites/Ghost/ghost_04.png using Guid(fb626ab5c18b25a4680d0eae64933a68) Importer(815301076,1909f56bfc062723c751e8b465ee728b)  -> (artifact id: 'fce09704e2c0be638f7a4bae2827391e') in 0.011319 seconds 
========================================================================
Received Import Request.
  Time since last request: 0.000177 seconds.
  path: Assets/Sprites/Ghost/ghost_02.png
  artifactKey: Guid(c2b74c284107f1c42ac8e7086d180495) Importer(815301076,1909f56bfc062723c751e8b465ee728b)
Start importing Assets/Sprites/Ghost/ghost_02.png using Guid(c2b74c284107f1c42ac8e7086d180495) Importer(815301076,1909f56bfc062723c751e8b465ee728b)  -> (artifact id: 'aa24defc3e4754f345a7a552b98300d0') in 0.010561 seconds 
========================================================================
Received Import Request.
  Time since last request: 0.000142 seconds.
  path: Assets/Sprites/Ghost/ghost_08.png
  artifactKey: Guid(598e4f61e6706be42989644c411b6b08) Importer(815301076,1909f56bfc062723c751e8b465ee728b)
Start importing Assets/Sprites/Ghost/ghost_08.png using Guid(598e4f61e6706be42989644c411b6b08) Importer(815301076,1909f56bfc062723c751e8b465ee728b)  -> (artifact id: '7d14f8371d0771559d22dd57f1abbdb8') in 0.010988 seconds 
========================================================================
Received Import Request.
  Time since last request: 0.000106 seconds.
  path: Assets/Sprites/Ghost/ghost_05.png
  artifactKey: Guid(f77619b73dd6a2740a506a9f23844a71) Importer(815301076,1909f56bfc062723c751e8b465ee728b)
Start importing Assets/Sprites/Ghost/ghost_05.png using Guid(f77619b73dd6a2740a506a9f23844a71) Importer(815301076,1909f56bfc062723c751e8b465ee728b)  -> (artifact id: '4ecfadf836fa421640816bed8f1dcf6f') in 0.010209 seconds 
========================================================================
Received Import Request.
  Time since last request: 0.000165 seconds.
  path: Assets/Sprites/Ghost/ghost_10.png
  artifactKey: Guid(737eb958285318b469461359ee139bee) Importer(815301076,1909f56bfc062723c751e8b465ee728b)
Start importing Assets/Sprites/Ghost/ghost_10.png using Guid(737eb958285318b469461359ee139bee) Importer(815301076,1909f56bfc062723c751e8b465ee728b)  -> (artifact id: '0cfafb1698ed7a2715979488fe6783ec') in 0.010402 seconds 
========================================================================
Received Import Request.
  Time since last request: 0.000120 seconds.
  path: Assets/Sprites/Ghost/ghost_12.png
  artifactKey: Guid(e4639d11943854a47b04147ec95711e5) Importer(815301076,1909f56bfc062723c751e8b465ee728b)
Start importing Assets/Sprites/Ghost/ghost_12.png using Guid(e4639d11943854a47b04147ec95711e5) Importer(815301076,1909f56bfc062723c751e8b465ee728b)  -> (artifact id: 'dac1f623bbce9ce6418899189f77bdd3') in 0.010165 seconds 
========================================================================
Received Import Request.
  Time since last request: 0.000128 seconds.
  path: Assets/Sprites/Ghost/ghost_09.png
  artifactKey: Guid(07022a90ffcfa8141b3b2604eadf9191) Importer(815301076,1909f56bfc062723c751e8b465ee728b)
Start importing Assets/Sprites/Ghost/ghost_09.png using Guid(07022a90ffcfa8141b3b2604eadf9191) Importer(815301076,1909f56bfc062723c751e8b465ee728b)  -> (artifact id: 'c6f080a85ea8818f73789c0258d56fe7') in 0.009985 seconds 
========================================================================
Received Import Request.
  Time since last request: 0.000108 seconds.
  path: Assets/Sprites/Ghost/ghost_06.png
  artifactKey: Guid(cf5e6c792dc9ec746b210d6d245460fd) Importer(815301076,1909f56bfc062723c751e8b465ee728b)
Start importing Assets/Sprites/Ghost/ghost_06.png using Guid(cf5e6c792dc9ec746b210d6d245460fd) Importer(815301076,1909f56bfc062723c751e8b465ee728b)  -> (artifact id: '44c1fc72600ffa30fdade45aa58a1ade') in 0.010063 seconds 
========================================================================
Received Import Request.
  Time since last request: 0.000097 seconds.
  path: Assets/Sprites/Ghost/ghost_07.png
  artifactKey: Guid(e874abeba0e670b4f8f2d95df27a1272) Importer(815301076,1909f56bfc062723c751e8b465ee728b)
Start importing Assets/Sprites/Ghost/ghost_07.png using Guid(e874abeba0e670b4f8f2d95df27a1272) Importer(815301076,1909f56bfc062723c751e8b465ee728b)  -> (artifact id: '9cc311a2659e9a4520850e849f7d0662') in 0.010870 seconds 
========================================================================
Received Import Request.
  Time since last request: 0.000110 seconds.
  path: Assets/Sprites/Ghost/ghost_03.png
  artifactKey: Guid(8bf285b9756df9949b48aad609771339) Importer(815301076,1909f56bfc062723c751e8b465ee728b)
Start importing Assets/Sprites/Ghost/ghost_03.png using Guid(8bf285b9756df9949b48aad609771339) Importer(815301076,1909f56bfc062723c751e8b465ee728b)  -> (artifact id: 'bc14143b2d86c6d4a9ef795ad35d7bab') in 0.011524 seconds 
========================================================================
Received Import Request.
  Time since last request: 0.000099 seconds.
  path: Assets/Sprites/Ghost/ghost_11.png
  artifactKey: Guid(0d7cd25283e6b82438b3969bc400bea0) Importer(815301076,1909f56bfc062723c751e8b465ee728b)
Start importing Assets/Sprites/Ghost/ghost_11.png using Guid(0d7cd25283e6b82438b3969bc400bea0) Importer(815301076,1909f56bfc062723c751e8b465ee728b)  -> (artifact id: 'b4bb7ecf1844fb89df49975db67abe16') in 0.010829 seconds 
========================================================================
Received Import Request.
  Time since last request: 13.771010 seconds.
  path: Assets/Sprites/Tilemap/classroomfloor.prefab
  artifactKey: Guid(ee87d6f3b381315469b7b32fcf865583) Importer(815301076,1909f56bfc062723c751e8b465ee728b)
Start importing Assets/Sprites/Tilemap/classroomfloor.prefab using Guid(ee87d6f3b381315469b7b32fcf865583) Importer(815301076,1909f56bfc062723c751e8b465ee728b)  -> (artifact id: '8a17a2fded4baa5db118649dba34fbcc') in 0.010989 seconds 
========================================================================
Received Import Request.
  Time since last request: 0.000103 seconds.
  path: Assets/Sprites/Tilemap/floorwood_01.asset
  artifactKey: Guid(b023439f160a03c40b0d85461d4bc194) Importer(815301076,1909f56bfc062723c751e8b465ee728b)
Start importing Assets/Sprites/Tilemap/floorwood_01.asset using Guid(b023439f160a03c40b0d85461d4bc194) Importer(815301076,1909f56bfc062723c751e8b465ee728b)  -> (artifact id: '50adb06c6093a43da2cc2d7f076e6317') in 0.013674 seconds 
========================================================================
Received Import Request.
  Time since last request: 38.699730 seconds.
  path: ProjectSettings/TagManager.asset
  artifactKey: Guid(00000000000000003000000000000000) Importer(815301076,1909f56bfc062723c751e8b465ee728b)
Start importing ProjectSettings/TagManager.asset using Guid(00000000000000003000000000000000) Importer(815301076,1909f56bfc062723c751e8b465ee728b)  -> (artifact id: '21117b4b46e8d9359f6c4a2ba97e80e5') in 0.005020 seconds 
AssetImportWorkerClient::OnTransportError - code=2 error=End of file
